<?xml version="1.0" encoding="UTF-8"?>
<coverage generated="1783125593">
  <project timestamp="1783125593" name="Clover Coverage">
    <package name="Boundwize\JsonRecast">
      <file name="/Users/samsonasik/www/boundwize/jsonrecast/src/AstDumper.php">
        <class name="Boundwize\JsonRecast\AstDumper" namespace="Boundwize\JsonRecast">
          <metrics complexity="45" methods="11" coveredmethods="11" conditionals="0" coveredconditionals="0" statements="73" coveredstatements="73" elements="84" coveredelements="84"/>
        </class>
        <line num="35" type="method" name="__construct" visibility="public" complexity="1" crap="1" count="9"/>
        <line num="39" type="stmt" count="9"/>
        <line num="41" type="method" name="dump" visibility="public" complexity="2" crap="2" count="9"/>
        <line num="43" type="stmt" count="9"/>
        <line num="45" type="stmt" count="9"/>
        <line num="51" type="method" name="dumpNode" visibility="private" complexity="7" crap="7" count="9"/>
        <line num="53" type="stmt" count="9"/>
        <line num="54" type="stmt" count="9"/>
        <line num="55" type="stmt" count="9"/>
        <line num="57" type="stmt" count="8"/>
        <line num="58" type="stmt" count="4"/>
        <line num="61" type="stmt" count="8"/>
        <line num="62" type="stmt" count="3"/>
        <line num="64" type="stmt" count="3"/>
        <line num="67" type="stmt" count="8"/>
        <line num="68" type="stmt" count="3"/>
        <line num="70" type="stmt" count="3"/>
        <line num="73" type="stmt" count="8"/>
        <line num="74" type="stmt" count="2"/>
        <line num="75" type="stmt" count="2"/>
        <line num="77" type="stmt" count="2"/>
        <line num="80" type="stmt" count="8"/>
        <line num="81" type="stmt" count="2"/>
        <line num="83" type="stmt" count="2"/>
        <line num="86" type="stmt" count="8"/>
        <line num="87" type="stmt" count="2"/>
        <line num="90" type="stmt" count="8"/>
        <line num="93" type="method" name="describe" visibility="private" complexity="11" crap="11" count="9"/>
        <line num="96" type="stmt" count="9"/>
        <line num="97" type="stmt" count="9"/>
        <line num="98" type="stmt" count="9"/>
        <line num="99" type="stmt" count="9"/>
        <line num="100" type="stmt" count="9"/>
        <line num="101" type="stmt" count="9"/>
        <line num="102" type="stmt" count="2"/>
        <line num="103" type="stmt" count="2"/>
        <line num="104" type="stmt" count="2"/>
        <line num="105" type="stmt" count="8"/>
        <line num="112" type="method" name="appendObjectItems" visibility="private" complexity="3" crap="3" count="3"/>
        <line num="114" type="stmt" count="3"/>
        <line num="115" type="stmt" count="1"/>
        <line num="117" type="stmt" count="1"/>
        <line num="120" type="stmt" count="2"/>
        <line num="122" type="stmt" count="2"/>
        <line num="123" type="stmt" count="2"/>
        <line num="130" type="method" name="appendArrayItems" visibility="private" complexity="3" crap="3" count="2"/>
        <line num="132" type="stmt" count="2"/>
        <line num="133" type="stmt" count="1"/>
        <line num="135" type="stmt" count="1"/>
        <line num="138" type="stmt" count="2"/>
        <line num="140" type="stmt" count="2"/>
        <line num="141" type="stmt" count="2"/>
        <line num="148" type="method" name="appendNode" visibility="private" complexity="2" crap="2" count="4"/>
        <line num="150" type="stmt" count="4"/>
        <line num="151" type="stmt" count="4"/>
        <line num="159" type="method" name="appendNamedValues" visibility="private" complexity="3" crap="3" count="4"/>
        <line num="161" type="stmt" count="4"/>
        <line num="162" type="stmt" count="1"/>
        <line num="165" type="stmt" count="3"/>
        <line num="167" type="stmt" count="3"/>
        <line num="168" type="stmt" count="3"/>
        <line num="172" type="method" name="line" visibility="private" complexity="2" crap="2" count="8"/>
        <line num="174" type="stmt" count="8"/>
        <line num="175" type="stmt" count="4"/>
        <line num="178" type="stmt" count="8"/>
        <line num="181" type="method" name="formatValue" visibility="private" complexity="9" crap="9" count="8"/>
        <line num="183" type="stmt" count="8"/>
        <line num="184" type="stmt" count="8"/>
        <line num="187" type="stmt" count="4"/>
        <line num="188" type="stmt" count="2"/>
        <line num="191" type="stmt" count="3"/>
        <line num="192" type="stmt" count="2"/>
        <line num="195" type="stmt" count="2"/>
        <line num="196" type="stmt" count="1"/>
        <line num="199" type="stmt" count="2"/>
        <line num="200" type="stmt" count="2"/>
        <line num="203" type="stmt" count="1"/>
        <line num="204" type="stmt" count="1"/>
        <line num="207" type="stmt" count="1"/>
        <line num="210" type="method" name="encode" visibility="private" complexity="2" crap="2" count="8"/>
        <line num="212" type="stmt" count="8"/>
        <line num="214" type="stmt" count="8"/>
        <line num="215" type="stmt" count="1"/>
        <line num="218" type="stmt" count="7"/>
        <metrics loc="221" ncloc="205" classes="1" methods="11" coveredmethods="11" conditionals="0" coveredconditionals="0" statements="73" coveredstatements="73" elements="84" coveredelements="84"/>
      </file>
      <file name="/Users/samsonasik/www/boundwize/jsonrecast/src/JsonRecast.php">
        <class name="Boundwize\JsonRecast\JsonRecast" namespace="Boundwize\JsonRecast">
          <metrics complexity="6" methods="4" coveredmethods="4" conditionals="0" coveredconditionals="0" statements="16" coveredstatements="16" elements="20" coveredelements="20"/>
        </class>
        <line num="17" type="method" name="parse" visibility="public" complexity="1" crap="1" count="37"/>
        <line num="19" type="stmt" count="37"/>
        <line num="22" type="method" name="traverse" visibility="public" complexity="2" crap="2" count="24"/>
        <line num="24" type="stmt" count="24"/>
        <line num="25" type="stmt" count="24"/>
        <line num="27" type="stmt" count="24"/>
        <line num="29" type="stmt" count="24"/>
        <line num="30" type="stmt" count="1"/>
        <line num="33" type="stmt" count="23"/>
        <line num="34" type="stmt" count="23"/>
        <line num="35" type="stmt" count="23"/>
        <line num="36" type="stmt" count="23"/>
        <line num="39" type="method" name="print" visibility="public" complexity="2" crap="2" count="33"/>
        <line num="41" type="stmt" count="33"/>
        <line num="42" type="stmt" count="22"/>
        <line num="45" type="stmt" count="11"/>
        <line num="48" type="method" name="dumpAst" visibility="public" complexity="1" crap="1" count="2"/>
        <line num="52" type="stmt" count="2"/>
        <line num="53" type="stmt" count="2"/>
        <line num="54" type="stmt" count="2"/>
        <metrics loc="57" ncloc="57" classes="1" methods="4" coveredmethods="4" conditionals="0" coveredconditionals="0" statements="16" coveredstatements="16" elements="20" coveredelements="20"/>
      </file>
      <file name="/Users/samsonasik/www/boundwize/jsonrecast/src/JsonRecastResult.php">
        <class name="Boundwize\JsonRecast\JsonRecastResult" namespace="Boundwize\JsonRecast">
          <metrics complexity="1" methods="1" coveredmethods="1" conditionals="0" coveredconditionals="0" statements="1" coveredstatements="1" elements="2" coveredelements="2"/>
        </class>
        <line num="12" type="method" name="__construct" visibility="public" complexity="1" crap="1" count="23"/>
        <line num="16" type="stmt" count="23"/>
        <metrics loc="18" ncloc="18" classes="1" methods="1" coveredmethods="1" conditionals="0" coveredconditionals="0" statements="1" coveredstatements="1" elements="2" coveredelements="2"/>
      </file>
    </package>
    <package name="Boundwize\JsonRecast\Attribute">
      <file name="/Users/samsonasik/www/boundwize/jsonrecast/src/Attribute/NodeAttributes.php">
        <class name="Boundwize\JsonRecast\Attribute\NodeAttributes" namespace="Boundwize\JsonRecast\Attribute">
          <metrics complexity="1" methods="1" coveredmethods="1" conditionals="0" coveredconditionals="0" statements="1" coveredstatements="1" elements="2" coveredelements="2"/>
        </class>
        <line num="21" type="method" name="__construct" visibility="private" complexity="1" crap="1" count="1"/>
        <line num="23" type="stmt" count="1"/>
        <metrics loc="25" ncloc="25" classes="1" methods="1" coveredmethods="1" conditionals="0" coveredconditionals="0" statements="1" coveredstatements="1" elements="2" coveredelements="2"/>
      </file>
    </package>
    <package name="Boundwize\JsonRecast\Node">
      <file name="/Users/samsonasik/www/boundwize/jsonrecast/src/Node/AbstractNodeJson.php">
        <class name="Boundwize\JsonRecast\Node\AbstractNodeJson" namespace="Boundwize\JsonRecast\Node">
          <metrics complexity="5" methods="5" coveredmethods="5" conditionals="0" coveredconditionals="0" statements="5" coveredstatements="5" elements="10" coveredelements="10"/>
        </class>
        <line num="17" type="method" name="getAttributes" visibility="public" complexity="1" crap="1" count="5"/>
        <line num="19" type="stmt" count="5"/>
        <line num="22" type="method" name="getAttribute" visibility="public" complexity="1" crap="1" count="98"/>
        <line num="24" type="stmt" count="98"/>
        <line num="27" type="method" name="setAttribute" visibility="public" complexity="1" crap="1" count="144"/>
        <line num="29" type="stmt" count="144"/>
        <line num="32" type="method" name="hasAttribute" visibility="public" complexity="1" crap="1" count="92"/>
        <line num="34" type="stmt" count="92"/>
        <line num="37" type="method" name="removeAttribute" visibility="public" complexity="1" crap="1" count="1"/>
        <line num="39" type="stmt" count="1"/>
        <metrics loc="42" ncloc="38" classes="1" methods="5" coveredmethods="5" conditionals="0" coveredconditionals="0" statements="5" coveredstatements="5" elements="10" coveredelements="10"/>
      </file>
      <file name="/Users/samsonasik/www/boundwize/jsonrecast/src/Node/ArrayItemNode.php">
        <class name="Boundwize\JsonRecast\Node\ArrayItemNode" namespace="Boundwize\JsonRecast\Node">
          <metrics complexity="1" methods="1" coveredmethods="1" conditionals="0" coveredconditionals="0" statements="1" coveredstatements="1" elements="2" coveredelements="2"/>
        </class>
        <line num="9" type="method" name="__construct" visibility="public" complexity="1" crap="1" count="55"/>
        <line num="14" type="stmt" count="55"/>
        <metrics loc="16" ncloc="16" classes="1" methods="1" coveredmethods="1" conditionals="0" coveredconditionals="0" statements="1" coveredstatements="1" elements="2" coveredelements="2"/>
      </file>
      <file name="/Users/samsonasik/www/boundwize/jsonrecast/src/Node/ArrayNode.php">
        <class name="Boundwize\JsonRecast\Node\ArrayNode" namespace="Boundwize\JsonRecast\Node">
          <metrics complexity="36" methods="12" coveredmethods="12" conditionals="0" coveredconditionals="0" statements="76" coveredstatements="76" elements="88" coveredelements="88"/>
        </class>
        <line num="21" type="method" name="__construct" visibility="public" complexity="1" crap="1" count="58"/>
        <line num="26" type="stmt" count="58"/>
        <line num="28" type="method" name="append" visibility="public" complexity="1" crap="1" count="7"/>
        <line num="30" type="stmt" count="7"/>
        <line num="33" type="method" name="insert" visibility="public" complexity="5" crap="5" count="12"/>
        <line num="35" type="stmt" count="12"/>
        <line num="36" type="stmt" count="12"/>
        <line num="37" type="stmt" count="12"/>
        <line num="38" type="stmt" count="12"/>
        <line num="39" type="stmt" count="12"/>
        <line num="40" type="stmt" count="12"/>
        <line num="41" type="stmt" count="12"/>
        <line num="42" type="stmt" count="12"/>
        <line num="43" type="stmt" count="12"/>
        <line num="45" type="stmt" count="12"/>
        <line num="46" type="stmt" count="2"/>
        <line num="47" type="stmt" count="2"/>
        <line num="50" type="stmt" count="12"/>
        <line num="51" type="stmt" count="7"/>
        <line num="53" type="stmt" count="7"/>
        <line num="54" type="stmt" count="7"/>
        <line num="57" type="stmt" count="12"/>
        <line num="60" type="method" name="setAt" visibility="public" complexity="2" crap="2" count="1"/>
        <line num="62" type="stmt" count="1"/>
        <line num="63" type="stmt" count="1"/>
        <line num="66" type="stmt" count="1"/>
        <line num="67" type="stmt" count="1"/>
        <line num="69" type="stmt" count="1"/>
        <line num="72" type="method" name="removeAt" visibility="public" complexity="2" crap="2" count="11"/>
        <line num="74" type="stmt" count="11"/>
        <line num="75" type="stmt" count="1"/>
        <line num="78" type="stmt" count="10"/>
        <line num="79" type="stmt" count="10"/>
        <line num="81" type="stmt" count="10"/>
        <line num="84" type="method" name="normalizeInsertionIndex" visibility="private" complexity="3" crap="3" count="12"/>
        <line num="86" type="stmt" count="12"/>
        <line num="88" type="stmt" count="12"/>
        <line num="89" type="stmt" count="1"/>
        <line num="92" type="stmt" count="11"/>
        <line num="93" type="stmt" count="1"/>
        <line num="96" type="stmt" count="10"/>
        <line num="99" type="method" name="beforeValueForInsertedItem" visibility="private" complexity="3" crap="3" count="12"/>
        <line num="101" type="stmt" count="12"/>
        <line num="102" type="stmt" count="3"/>
        <line num="105" type="stmt" count="9"/>
        <line num="106" type="stmt" count="2"/>
        <line num="109" type="stmt" count="7"/>
        <line num="112" type="method" name="afterValueForInsertedItem" visibility="private" complexity="3" crap="3" count="12"/>
        <line num="114" type="stmt" count="12"/>
        <line num="116" type="stmt" count="12"/>
        <line num="117" type="stmt" count="8"/>
        <line num="118" type="stmt" count="1"/>
        <line num="121" type="stmt" count="7"/>
        <line num="124" type="stmt" count="4"/>
        <line num="127" type="method" name="separatorBeforeValue" visibility="private" complexity="2" crap="2" count="9"/>
        <line num="129" type="stmt" count="9"/>
        <line num="131" type="stmt" count="9"/>
        <line num="132" type="stmt" count="4"/>
        <line num="135" type="stmt" count="5"/>
        <line num="138" type="method" name="separatorAfterValue" visibility="private" complexity="2" crap="2" count="11"/>
        <line num="140" type="stmt" count="11"/>
        <line num="142" type="stmt" count="11"/>
        <line num="143" type="stmt" count="6"/>
        <line num="146" type="stmt" count="5"/>
        <line num="149" type="method" name="startOffsetForInsertedItem" visibility="private" complexity="9" crap="9" count="12"/>
        <line num="151" type="stmt" count="12"/>
        <line num="153" type="stmt" count="12"/>
        <line num="154" type="stmt" count="9"/>
        <line num="156" type="stmt" count="9"/>
        <line num="157" type="stmt" count="9"/>
        <line num="161" type="stmt" count="12"/>
        <line num="162" type="stmt" count="12"/>
        <line num="164" type="stmt" count="12"/>
        <line num="165" type="stmt" count="4"/>
        <line num="167" type="stmt" count="4"/>
        <line num="168" type="stmt" count="3"/>
        <line num="172" type="stmt" count="12"/>
        <line num="173" type="stmt" count="2"/>
        <line num="176" type="stmt" count="10"/>
        <line num="177" type="stmt" count="7"/>
        <line num="180" type="stmt" count="3"/>
        <line num="181" type="stmt" count="1"/>
        <line num="184" type="stmt" count="2"/>
        <line num="187" type="method" name="getNumericStartOffset" visibility="private" complexity="3" crap="3" count="11"/>
        <line num="189" type="stmt" count="11"/>
        <line num="191" type="stmt" count="11"/>
        <line num="192" type="stmt" count="10"/>
        <line num="195" type="stmt" count="1"/>
        <metrics loc="198" ncloc="195" classes="1" methods="12" coveredmethods="12" conditionals="0" coveredconditionals="0" statements="76" coveredstatements="76" elements="88" coveredelements="88"/>
      </file>
      <file name="/Users/samsonasik/www/boundwize/jsonrecast/src/Node/BooleanNode.php">
        <class name="Boundwize\JsonRecast\Node\BooleanNode" namespace="Boundwize\JsonRecast\Node">
          <metrics complexity="1" methods="1" coveredmethods="1" conditionals="0" coveredconditionals="0" statements="1" coveredstatements="1" elements="2" coveredelements="2"/>
        </class>
        <line num="9" type="method" name="__construct" visibility="public" complexity="1" crap="1" count="9"/>
        <line num="12" type="stmt" count="9"/>
        <metrics loc="14" ncloc="14" classes="1" methods="1" coveredmethods="1" conditionals="0" coveredconditionals="0" statements="1" coveredstatements="1" elements="2" coveredelements="2"/>
      </file>
      <file name="/Users/samsonasik/www/boundwize/jsonrecast/src/Node/JsonDocument.php">
        <class name="Boundwize\JsonRecast\Node\JsonDocument" namespace="Boundwize\JsonRecast\Node">
          <metrics complexity="1" methods="1" coveredmethods="1" conditionals="0" coveredconditionals="0" statements="1" coveredstatements="1" elements="2" coveredelements="2"/>
        </class>
        <line num="9" type="method" name="__construct" visibility="public" complexity="1" crap="1" count="123"/>
        <line num="14" type="stmt" count="123"/>
        <metrics loc="16" ncloc="16" classes="1" methods="1" coveredmethods="1" conditionals="0" coveredconditionals="0" statements="1" coveredstatements="1" elements="2" coveredelements="2"/>
      </file>
      <file name="/Users/samsonasik/www/boundwize/jsonrecast/src/Node/NullNode.php">
        <class name="Boundwize\JsonRecast\Node\NullNode" namespace="Boundwize\JsonRecast\Node">
          <metrics complexity="0" methods="0" coveredmethods="0" conditionals="0" coveredconditionals="0" statements="0" coveredstatements="0" elements="0" coveredelements="0"/>
        </class>
        <metrics loc="10" ncloc="10" classes="0" methods="0" coveredmethods="0" conditionals="0" coveredconditionals="0" statements="0" coveredstatements="0" elements="0" coveredelements="0"/>
      </file>
      <file name="/Users/samsonasik/www/boundwize/jsonrecast/src/Node/NumberNode.php">
        <class name="Boundwize\JsonRecast\Node\NumberNode" namespace="Boundwize\JsonRecast\Node">
          <metrics complexity="7" methods="2" coveredmethods="2" conditionals="0" coveredconditionals="0" statements="7" coveredstatements="7" elements="9" coveredelements="9"/>
        </class>
        <line num="12" type="method" name="__construct" visibility="public" complexity="1" crap="1" count="58"/>
        <line num="15" type="stmt" count="58"/>
        <line num="17" type="method" name="toIntOrFloat" visibility="public" complexity="6" crap="6" count="3"/>
        <line num="19" type="stmt" count="3"/>
        <line num="20" type="stmt" count="1"/>
        <line num="23" type="stmt" count="3"/>
        <line num="25" type="stmt" count="3"/>
        <line num="26" type="stmt" count="1"/>
        <line num="29" type="stmt" count="2"/>
        <metrics loc="32" ncloc="32" classes="1" methods="2" coveredmethods="2" conditionals="0" coveredconditionals="0" statements="7" coveredstatements="7" elements="9" coveredelements="9"/>
      </file>
      <file name="/Users/samsonasik/www/boundwize/jsonrecast/src/Node/ObjectItemNode.php">
        <class name="Boundwize\JsonRecast\Node\ObjectItemNode" namespace="Boundwize\JsonRecast\Node">
          <metrics complexity="1" methods="1" coveredmethods="1" conditionals="0" coveredconditionals="0" statements="1" coveredstatements="1" elements="2" coveredelements="2"/>
        </class>
        <line num="9" type="method" name="__construct" visibility="public" complexity="1" crap="1" count="84"/>
        <line num="17" type="stmt" count="84"/>
        <metrics loc="19" ncloc="19" classes="1" methods="1" coveredmethods="1" conditionals="0" coveredconditionals="0" statements="1" coveredstatements="1" elements="2" coveredelements="2"/>
      </file>
      <file name="/Users/samsonasik/www/boundwize/jsonrecast/src/Node/ObjectNode.php">
        <class name="Boundwize\JsonRecast\Node\ObjectNode" namespace="Boundwize\JsonRecast\Node">
          <metrics complexity="30" methods="10" coveredmethods="10" conditionals="0" coveredconditionals="0" statements="62" coveredstatements="62" elements="72" coveredelements="72"/>
        </class>
        <line num="20" type="method" name="__construct" visibility="public" complexity="1" crap="1" count="87"/>
        <line num="25" type="stmt" count="87"/>
        <line num="27" type="method" name="get" visibility="public" complexity="3" crap="3" count="18"/>
        <line num="29" type="stmt" count="18"/>
        <line num="30" type="stmt" count="18"/>
        <line num="31" type="stmt" count="17"/>
        <line num="35" type="stmt" count="2"/>
        <line num="38" type="method" name="has" visibility="public" complexity="1" crap="1" count="3"/>
        <line num="40" type="stmt" count="3"/>
        <line num="43" type="method" name="set" visibility="public" complexity="5" crap="5" count="15"/>
        <line num="45" type="stmt" count="15"/>
        <line num="47" type="stmt" count="15"/>
        <line num="48" type="stmt" count="15"/>
        <line num="49" type="stmt" count="13"/>
        <line num="52" type="stmt" count="4"/>
        <line num="55" type="stmt" count="15"/>
        <line num="57" type="stmt" count="15"/>
        <line num="58" type="stmt" count="11"/>
        <line num="60" type="stmt" count="11"/>
        <line num="63" type="stmt" count="4"/>
        <line num="65" type="stmt" count="4"/>
        <line num="66" type="stmt" count="2"/>
        <line num="69" type="stmt" count="4"/>
        <line num="70" type="stmt" count="4"/>
        <line num="73" type="method" name="remove" visibility="public" complexity="4" crap="4" count="10"/>
        <line num="75" type="stmt" count="10"/>
        <line num="77" type="stmt" count="10"/>
        <line num="78" type="stmt" count="10"/>
        <line num="79" type="stmt" count="10"/>
        <line num="82" type="stmt" count="9"/>
        <line num="83" type="stmt" count="9"/>
        <line num="86" type="stmt" count="10"/>
        <line num="87" type="stmt" count="9"/>
        <line num="90" type="stmt" count="10"/>
        <line num="93" type="method" name="appendNewItem" visibility="private" complexity="6" crap="6" count="11"/>
        <line num="95" type="stmt" count="11"/>
        <line num="96" type="stmt" count="11"/>
        <line num="97" type="stmt" count="11"/>
        <line num="98" type="stmt" count="11"/>
        <line num="99" type="stmt" count="11"/>
        <line num="100" type="stmt" count="11"/>
        <line num="101" type="stmt" count="11"/>
        <line num="102" type="stmt" count="11"/>
        <line num="103" type="stmt" count="11"/>
        <line num="104" type="stmt" count="11"/>
        <line num="105" type="stmt" count="11"/>
        <line num="106" type="stmt" count="11"/>
        <line num="108" type="stmt" count="11"/>
        <line num="109" type="stmt" count="11"/>
        <line num="110" type="stmt" count="11"/>
        <line num="113" type="stmt" count="11"/>
        <line num="116" type="method" name="beforeKeyForAppendedItem" visibility="private" complexity="2" crap="2" count="11"/>
        <line num="118" type="stmt" count="11"/>
        <line num="120" type="stmt" count="11"/>
        <line num="121" type="stmt" count="3"/>
        <line num="124" type="stmt" count="8"/>
        <line num="127" type="method" name="separatorAfterValue" visibility="private" complexity="2" crap="2" count="11"/>
        <line num="129" type="stmt" count="11"/>
        <line num="131" type="stmt" count="11"/>
        <line num="132" type="stmt" count="3"/>
        <line num="135" type="stmt" count="8"/>
        <line num="138" type="method" name="startOffsetForAppendedItem" visibility="private" complexity="3" crap="3" count="11"/>
        <line num="140" type="stmt" count="11"/>
        <line num="141" type="stmt" count="11"/>
        <line num="143" type="stmt" count="11"/>
        <line num="144" type="stmt" count="10"/>
        <line num="148" type="stmt" count="1"/>
        <line num="151" type="method" name="getNumericStartOffset" visibility="private" complexity="3" crap="3" count="11"/>
        <line num="153" type="stmt" count="11"/>
        <line num="155" type="stmt" count="11"/>
        <line num="156" type="stmt" count="10"/>
        <line num="159" type="stmt" count="1"/>
        <metrics loc="162" ncloc="159" classes="1" methods="10" coveredmethods="10" conditionals="0" coveredconditionals="0" statements="62" coveredstatements="62" elements="72" coveredelements="72"/>
      </file>
      <file name="/Users/samsonasik/www/boundwize/jsonrecast/src/Node/StringNode.php">
        <class name="Boundwize\JsonRecast\Node\StringNode" namespace="Boundwize\JsonRecast\Node">
          <metrics complexity="1" methods="1" coveredmethods="1" conditionals="0" coveredconditionals="0" statements="1" coveredstatements="1" elements="2" coveredelements="2"/>
        </class>
        <line num="9" type="method" name="__construct" visibility="public" complexity="1" crap="1" count="138"/>
        <line num="12" type="stmt" count="138"/>
        <metrics loc="14" ncloc="14" classes="1" methods="1" coveredmethods="1" conditionals="0" coveredconditionals="0" statements="1" coveredstatements="1" elements="2" coveredelements="2"/>
      </file>
    </package>
    <file name="/Users/samsonasik/www/boundwize/jsonrecast/src/Node/NodeJson.php">
      <metrics loc="22" ncloc="19" classes="0" methods="0" coveredmethods="0" conditionals="0" coveredconditionals="0" statements="0" coveredstatements="0" elements="0" coveredelements="0"/>
    </file>
    <package name="Boundwize\JsonRecast\NodePath">
      <file name="/Users/samsonasik/www/boundwize/jsonrecast/src/NodePath/NodeJsonPath.php">
        <class name="Boundwize\JsonRecast\NodePath\NodeJsonPath" namespace="Boundwize\JsonRecast\NodePath">
          <metrics complexity="27" methods="11" coveredmethods="11" conditionals="0" coveredconditionals="0" statements="43" coveredstatements="43" elements="54" coveredelements="54"/>
        </class>
        <line num="16" type="method" name="__construct" visibility="public" complexity="1" crap="1" count="61"/>
        <line num="19" type="stmt" count="61"/>
        <line num="21" type="method" name="childObjectKey" visibility="public" complexity="1" crap="1" count="34"/>
        <line num="23" type="stmt" count="34"/>
        <line num="24" type="stmt" count="34"/>
        <line num="25" type="stmt" count="34"/>
        <line num="26" type="stmt" count="34"/>
        <line num="29" type="method" name="childArrayIndex" visibility="public" complexity="1" crap="1" count="22"/>
        <line num="31" type="stmt" count="22"/>
        <line num="32" type="stmt" count="22"/>
        <line num="33" type="stmt" count="22"/>
        <line num="34" type="stmt" count="22"/>
        <line num="40" type="method" name="segments" visibility="public" complexity="1" crap="1" count="1"/>
        <line num="42" type="stmt" count="1"/>
        <line num="45" type="method" name="isRoot" visibility="public" complexity="1" crap="1" count="18"/>
        <line num="47" type="stmt" count="18"/>
        <line num="50" type="method" name="last" visibility="public" complexity="2" crap="2" count="4"/>
        <line num="52" type="stmt" count="4"/>
        <line num="54" type="stmt" count="4"/>
        <line num="55" type="stmt" count="2"/>
        <line num="58" type="stmt" count="4"/>
        <line num="61" type="method" name="depth" visibility="public" complexity="1" crap="1" count="1"/>
        <line num="63" type="stmt" count="1"/>
        <line num="66" type="method" name="isObjectValue" visibility="public" complexity="3" crap="3" count="1"/>
        <line num="68" type="stmt" count="1"/>
        <line num="70" type="stmt" count="1"/>
        <line num="71" type="stmt" count="1"/>
        <line num="72" type="stmt" count="1"/>
        <line num="75" type="method" name="isArrayValue" visibility="public" complexity="3" crap="3" count="1"/>
        <line num="77" type="stmt" count="1"/>
        <line num="79" type="stmt" count="1"/>
        <line num="80" type="stmt" count="1"/>
        <line num="81" type="stmt" count="1"/>
        <line num="87" type="method" name="matchesObjectKeys" visibility="public" complexity="5" crap="5" count="1"/>
        <line num="89" type="stmt" count="1"/>
        <line num="90" type="stmt" count="1"/>
        <line num="93" type="stmt" count="1"/>
        <line num="94" type="stmt" count="1"/>
        <line num="95" type="stmt" count="1"/>
        <line num="98" type="stmt" count="1"/>
        <line num="99" type="stmt" count="1"/>
        <line num="103" type="stmt" count="1"/>
        <line num="109" type="method" name="matches" visibility="public" complexity="8" crap="8" count="3"/>
        <line num="111" type="stmt" count="3"/>
        <line num="112" type="stmt" count="2"/>
        <line num="115" type="stmt" count="3"/>
        <line num="116" type="stmt" count="3"/>
        <line num="118" type="stmt" count="3"/>
        <line num="119" type="stmt" count="3"/>
        <line num="120" type="stmt" count="1"/>
        <line num="123" type="stmt" count="3"/>
        <line num="126" type="stmt" count="2"/>
        <line num="127" type="stmt" count="1"/>
        <line num="131" type="stmt" count="3"/>
        <metrics loc="134" ncloc="122" classes="1" methods="11" coveredmethods="11" conditionals="0" coveredconditionals="0" statements="43" coveredstatements="43" elements="54" coveredelements="54"/>
      </file>
      <file name="/Users/samsonasik/www/boundwize/jsonrecast/src/NodePath/NodeJsonPathSegment.php">
        <class name="Boundwize\JsonRecast\NodePath\NodeJsonPathSegment" namespace="Boundwize\JsonRecast\NodePath">
          <metrics complexity="5" methods="5" coveredmethods="5" conditionals="0" coveredconditionals="0" statements="5" coveredstatements="5" elements="10" coveredelements="10"/>
        </class>
        <line num="13" type="method" name="__construct" visibility="private" complexity="1" crap="1" count="48"/>
        <line num="17" type="stmt" count="48"/>
        <line num="19" type="method" name="objectKey" visibility="public" complexity="1" crap="1" count="34"/>
        <line num="21" type="stmt" count="34"/>
        <line num="24" type="method" name="arrayIndex" visibility="public" complexity="1" crap="1" count="22"/>
        <line num="26" type="stmt" count="22"/>
        <line num="29" type="method" name="isObjectKey" visibility="public" complexity="1" crap="1" count="5"/>
        <line num="31" type="stmt" count="5"/>
        <line num="34" type="method" name="isArrayIndex" visibility="public" complexity="1" crap="1" count="3"/>
        <line num="36" type="stmt" count="3"/>
        <metrics loc="39" ncloc="39" classes="1" methods="5" coveredmethods="5" conditionals="0" coveredconditionals="0" statements="5" coveredstatements="5" elements="10" coveredelements="10"/>
      </file>
    </package>
    <package name="Boundwize\JsonRecast\NodeTraverser">
      <file name="/Users/samsonasik/www/boundwize/jsonrecast/src/NodeTraverser/NodeChangeSet.php">
        <class name="Boundwize\JsonRecast\NodeTraverser\NodeChangeSet" namespace="Boundwize\JsonRecast\NodeTraverser">
          <metrics complexity="3" methods="3" coveredmethods="3" conditionals="0" coveredconditionals="0" statements="3" coveredstatements="3" elements="6" coveredelements="6"/>
        </class>
        <line num="15" type="method" name="__construct" visibility="public" complexity="1" crap="1" count="79"/>
        <line num="17" type="stmt" count="79"/>
        <line num="20" type="method" name="markChanged" visibility="public" complexity="1" crap="1" count="65"/>
        <line num="22" type="stmt" count="65"/>
        <line num="25" type="method" name="isChanged" visibility="public" complexity="1" crap="1" count="47"/>
        <line num="27" type="stmt" count="47"/>
        <metrics loc="30" ncloc="29" classes="1" methods="3" coveredmethods="3" conditionals="0" coveredconditionals="0" statements="3" coveredstatements="3" elements="6" coveredelements="6"/>
      </file>
      <file name="/Users/samsonasik/www/boundwize/jsonrecast/src/NodeTraverser/NodeJsonTraversalResult.php">
        <class name="Boundwize\JsonRecast\NodeTraverser\NodeJsonTraversalResult" namespace="Boundwize\JsonRecast\NodeTraverser">
          <metrics complexity="1" methods="1" coveredmethods="1" conditionals="0" coveredconditionals="0" statements="1" coveredstatements="1" elements="2" coveredelements="2"/>
        </class>
        <line num="11" type="method" name="__construct" visibility="public" complexity="1" crap="1" count="48"/>
        <line num="15" type="stmt" count="48"/>
        <metrics loc="17" ncloc="17" classes="1" methods="1" coveredmethods="1" conditionals="0" coveredconditionals="0" statements="1" coveredstatements="1" elements="2" coveredelements="2"/>
      </file>
      <file name="/Users/samsonasik/www/boundwize/jsonrecast/src/NodeTraverser/NodeJsonTraverser.php">
        <class name="Boundwize\JsonRecast\NodeTraverser\NodeJsonTraverser" namespace="Boundwize\JsonRecast\NodeTraverser">
          <metrics complexity="50" methods="12" coveredmethods="12" conditionals="0" coveredconditionals="0" statements="111" coveredstatements="111" elements="123" coveredelements="123"/>
        </class>
        <line num="30" type="method" name="__construct" visibility="public" complexity="1" crap="1" count="60"/>
        <line num="32" type="stmt" count="60"/>
        <line num="35" type="method" name="addVisitor" visibility="public" complexity="1" crap="1" count="59"/>
        <line num="37" type="stmt" count="59"/>
        <line num="40" type="method" name="traverse" visibility="public" complexity="8" crap="8" count="59"/>
        <line num="42" type="stmt" count="59"/>
        <line num="44" type="stmt" count="59"/>
        <line num="45" type="stmt" count="59"/>
        <line num="47" type="stmt" count="59"/>
        <line num="48" type="stmt" count="1"/>
        <line num="51" type="stmt" count="58"/>
        <line num="52" type="stmt" count="2"/>
        <line num="53" type="stmt" count="2"/>
        <line num="54" type="stmt" count="2"/>
        <line num="58" type="stmt" count="58"/>
        <line num="60" type="stmt" count="51"/>
        <line num="61" type="stmt" count="2"/>
        <line num="64" type="stmt" count="49"/>
        <line num="66" type="stmt" count="49"/>
        <line num="67" type="stmt" count="49"/>
        <line num="69" type="stmt" count="49"/>
        <line num="70" type="stmt" count="1"/>
        <line num="73" type="stmt" count="48"/>
        <line num="74" type="stmt" count="1"/>
        <line num="75" type="stmt" count="1"/>
        <line num="76" type="stmt" count="1"/>
        <line num="80" type="stmt" count="48"/>
        <line num="86" type="method" name="traverseNode" visibility="private" complexity="12" crap="12" count="58"/>
        <line num="88" type="stmt" count="58"/>
        <line num="89" type="stmt" count="58"/>
        <line num="91" type="stmt" count="58"/>
        <line num="92" type="stmt" count="14"/>
        <line num="95" type="stmt" count="57"/>
        <line num="96" type="stmt" count="23"/>
        <line num="97" type="stmt" count="23"/>
        <line num="98" type="stmt" count="23"/>
        <line num="102" type="stmt" count="57"/>
        <line num="103" type="stmt" count="52"/>
        <line num="104" type="stmt" count="56"/>
        <line num="105" type="stmt" count="34"/>
        <line num="106" type="stmt" count="56"/>
        <line num="107" type="stmt" count="33"/>
        <line num="108" type="stmt" count="55"/>
        <line num="109" type="stmt" count="20"/>
        <line num="110" type="stmt" count="55"/>
        <line num="111" type="stmt" count="17"/>
        <line num="114" type="stmt" count="54"/>
        <line num="115" type="stmt" count="54"/>
        <line num="117" type="stmt" count="54"/>
        <line num="118" type="stmt" count="2"/>
        <line num="121" type="stmt" count="53"/>
        <line num="122" type="stmt" count="12"/>
        <line num="123" type="stmt" count="12"/>
        <line num="124" type="stmt" count="12"/>
        <line num="128" type="stmt" count="53"/>
        <line num="131" type="method" name="traverseDocument" visibility="private" complexity="2" crap="2" count="52"/>
        <line num="133" type="stmt" count="52"/>
        <line num="135" type="stmt" count="46"/>
        <line num="136" type="stmt" count="1"/>
        <line num="139" type="stmt" count="45"/>
        <line num="142" type="method" name="traverseObject" visibility="private" complexity="4" crap="4" count="34"/>
        <line num="144" type="stmt" count="34"/>
        <line num="146" type="stmt" count="34"/>
        <line num="147" type="stmt" count="34"/>
        <line num="149" type="stmt" count="31"/>
        <line num="150" type="stmt" count="5"/>
        <line num="151" type="stmt" count="5"/>
        <line num="152" type="stmt" count="5"/>
        <line num="155" type="stmt" count="31"/>
        <line num="156" type="stmt" count="1"/>
        <line num="159" type="stmt" count="30"/>
        <line num="160" type="stmt" count="30"/>
        <line num="164" type="method" name="traverseObjectItem" visibility="private" complexity="4" crap="4" count="33"/>
        <line num="166" type="stmt" count="33"/>
        <line num="168" type="stmt" count="33"/>
        <line num="169" type="stmt" count="1"/>
        <line num="172" type="stmt" count="32"/>
        <line num="173" type="stmt" count="1"/>
        <line num="176" type="stmt" count="31"/>
        <line num="178" type="stmt" count="31"/>
        <line num="179" type="stmt" count="31"/>
        <line num="181" type="stmt" count="31"/>
        <line num="182" type="stmt" count="1"/>
        <line num="185" type="stmt" count="30"/>
        <line num="188" type="method" name="traverseArray" visibility="private" complexity="4" crap="4" count="20"/>
        <line num="190" type="stmt" count="20"/>
        <line num="192" type="stmt" count="20"/>
        <line num="193" type="stmt" count="19"/>
        <line num="195" type="stmt" count="18"/>
        <line num="196" type="stmt" count="4"/>
        <line num="197" type="stmt" count="4"/>
        <line num="198" type="stmt" count="4"/>
        <line num="201" type="stmt" count="17"/>
        <line num="202" type="stmt" count="1"/>
        <line num="205" type="stmt" count="16"/>
        <line num="206" type="stmt" count="16"/>
        <line num="210" type="method" name="traverseArrayItem" visibility="private" complexity="2" crap="2" count="17"/>
        <line num="212" type="stmt" count="17"/>
        <line num="214" type="stmt" count="17"/>
        <line num="215" type="stmt" count="1"/>
        <line num="218" type="stmt" count="16"/>
        <line num="221" type="method" name="isRemoveNode" visibility="private" complexity="3" crap="3" count="60"/>
        <line num="223" type="stmt" count="60"/>
        <line num="224" type="stmt" count="17"/>
        <line num="227" type="stmt" count="59"/>
        <line num="228" type="stmt" count="1"/>
        <line num="231" type="stmt" count="58"/>
        <line num="234" type="method" name="preserveDocumentFraming" visibility="private" complexity="6" crap="6" count="38"/>
        <line num="237" type="stmt" count="38"/>
        <line num="238" type="stmt" count="3"/>
        <line num="239" type="stmt" count="38"/>
        <line num="241" type="stmt" count="36"/>
        <line num="244" type="stmt" count="2"/>
        <line num="245" type="stmt" count="2"/>
        <line num="248" type="stmt" count="2"/>
        <line num="249" type="stmt" count="1"/>
        <line num="252" type="stmt" count="2"/>
        <line num="253" type="stmt" count="2"/>
        <line num="255" type="stmt" count="2"/>
        <line num="258" type="method" name="copyDocumentAttribute" visibility="private" complexity="3" crap="3" count="2"/>
        <line num="260" type="stmt" count="2"/>
        <line num="261" type="stmt" count="1"/>
        <line num="264" type="stmt" count="1"/>
        <metrics loc="267" ncloc="263" classes="1" methods="12" coveredmethods="12" conditionals="0" coveredconditionals="0" statements="111" coveredstatements="111" elements="123" coveredelements="123"/>
      </file>
    </package>
    <file name="/Users/samsonasik/www/boundwize/jsonrecast/src/NodeVisitor/NodeJsonVisitor.php">
      <metrics loc="37" ncloc="22" classes="0" methods="0" coveredmethods="0" conditionals="0" coveredconditionals="0" statements="0" coveredstatements="0" elements="0" coveredelements="0"/>
    </file>
    <package name="Boundwize\JsonRecast\NodeVisitor">
      <file name="/Users/samsonasik/www/boundwize/jsonrecast/src/NodeVisitor/NodeJsonVisitorAbstract.php">
        <class name="Boundwize\JsonRecast\NodeVisitor\NodeJsonVisitorAbstract" namespace="Boundwize\JsonRecast\NodeVisitor">
          <metrics complexity="4" methods="4" coveredmethods="4" conditionals="0" coveredconditionals="0" statements="4" coveredstatements="4" elements="8" coveredelements="8"/>
        </class>
        <line num="12" type="method" name="beforeTraverse" visibility="public" complexity="1" crap="1" count="56"/>
        <line num="14" type="stmt" count="56"/>
        <line num="17" type="method" name="enterNode" visibility="public" complexity="1" crap="1" count="19"/>
        <line num="19" type="stmt" count="19"/>
        <line num="22" type="method" name="leaveNode" visibility="public" complexity="1" crap="1" count="39"/>
        <line num="24" type="stmt" count="39"/>
        <line num="27" type="method" name="afterTraverse" visibility="public" complexity="1" crap="1" count="47"/>
        <line num="29" type="stmt" count="47"/>
        <metrics loc="32" ncloc="32" classes="1" methods="4" coveredmethods="4" conditionals="0" coveredconditionals="0" statements="4" coveredstatements="4" elements="8" coveredelements="8"/>
      </file>
    </package>
    <package name="Boundwize\JsonRecast\Parser">
      <file name="/Users/samsonasik/www/boundwize/jsonrecast/src/Parser/JsonParser.php">
        <class name="Boundwize\JsonRecast\Parser\JsonParser" namespace="Boundwize\JsonRecast\Parser">
          <metrics complexity="42" methods="17" coveredmethods="17" conditionals="0" coveredconditionals="0" statements="148" coveredstatements="148" elements="165" coveredelements="165"/>
        </class>
        <line num="39" type="method" name="parse" visibility="public" complexity="1" crap="1" count="139"/>
        <line num="41" type="stmt" count="139"/>
        <line num="42" type="stmt" count="139"/>
        <line num="43" type="stmt" count="127"/>
        <line num="45" type="stmt" count="127"/>
        <line num="47" type="stmt" count="127"/>
        <line num="49" type="stmt" count="121"/>
        <line num="50" type="stmt" count="121"/>
        <line num="52" type="stmt" count="121"/>
        <line num="53" type="stmt" count="121"/>
        <line num="54" type="stmt" count="121"/>
        <line num="55" type="stmt" count="121"/>
        <line num="56" type="stmt" count="121"/>
        <line num="58" type="stmt" count="121"/>
        <line num="61" type="method" name="parseValue" visibility="private" complexity="9" crap="9" count="127"/>
        <line num="63" type="stmt" count="127"/>
        <line num="64" type="stmt" count="127"/>
        <line num="65" type="stmt" count="126"/>
        <line num="66" type="stmt" count="124"/>
        <line num="67" type="stmt" count="46"/>
        <line num="68" type="stmt" count="8"/>
        <line num="69" type="stmt" count="7"/>
        <line num="70" type="stmt" count="4"/>
        <line num="71" type="stmt" count="126"/>
        <line num="72" type="stmt" count="127"/>
        <line num="75" type="method" name="parseObject" visibility="private" complexity="6" crap="6" count="77"/>
        <line num="77" type="stmt" count="77"/>
        <line num="79" type="stmt" count="77"/>
        <line num="80" type="stmt" count="77"/>
        <line num="82" type="stmt" count="77"/>
        <line num="83" type="stmt" count="2"/>
        <line num="84" type="stmt" count="2"/>
        <line num="85" type="stmt" count="2"/>
        <line num="87" type="stmt" count="2"/>
        <line num="90" type="stmt" count="75"/>
        <line num="92" type="stmt" count="75"/>
        <line num="93" type="stmt" count="75"/>
        <line num="95" type="stmt" count="75"/>
        <line num="96" type="stmt" count="75"/>
        <line num="97" type="stmt" count="75"/>
        <line num="98" type="stmt" count="75"/>
        <line num="99" type="stmt" count="75"/>
        <line num="100" type="stmt" count="75"/>
        <line num="102" type="stmt" count="75"/>
        <line num="103" type="stmt" count="75"/>
        <line num="104" type="stmt" count="75"/>
        <line num="105" type="stmt" count="75"/>
        <line num="106" type="stmt" count="75"/>
        <line num="107" type="stmt" count="75"/>
        <line num="108" type="stmt" count="75"/>
        <line num="109" type="stmt" count="75"/>
        <line num="110" type="stmt" count="75"/>
        <line num="111" type="stmt" count="75"/>
        <line num="113" type="stmt" count="75"/>
        <line num="114" type="stmt" count="27"/>
        <line num="115" type="stmt" count="27"/>
        <line num="116" type="stmt" count="27"/>
        <line num="118" type="stmt" count="27"/>
        <line num="119" type="stmt" count="1"/>
        <line num="122" type="stmt" count="26"/>
        <line num="125" type="stmt" count="74"/>
        <line num="126" type="stmt" count="73"/>
        <line num="127" type="stmt" count="73"/>
        <line num="128" type="stmt" count="73"/>
        <line num="130" type="stmt" count="73"/>
        <line num="133" type="stmt" count="1"/>
        <line num="137" type="method" name="parseArray" visibility="private" complexity="6" crap="6" count="48"/>
        <line num="139" type="stmt" count="48"/>
        <line num="141" type="stmt" count="48"/>
        <line num="142" type="stmt" count="48"/>
        <line num="144" type="stmt" count="48"/>
        <line num="145" type="stmt" count="2"/>
        <line num="146" type="stmt" count="2"/>
        <line num="147" type="stmt" count="2"/>
        <line num="149" type="stmt" count="2"/>
        <line num="152" type="stmt" count="46"/>
        <line num="154" type="stmt" count="46"/>
        <line num="155" type="stmt" count="46"/>
        <line num="156" type="stmt" count="46"/>
        <line num="157" type="stmt" count="46"/>
        <line num="158" type="stmt" count="46"/>
        <line num="160" type="stmt" count="46"/>
        <line num="161" type="stmt" count="28"/>
        <line num="162" type="stmt" count="28"/>
        <line num="163" type="stmt" count="28"/>
        <line num="165" type="stmt" count="28"/>
        <line num="166" type="stmt" count="1"/>
        <line num="169" type="stmt" count="27"/>
        <line num="172" type="stmt" count="45"/>
        <line num="173" type="stmt" count="44"/>
        <line num="174" type="stmt" count="44"/>
        <line num="175" type="stmt" count="44"/>
        <line num="177" type="stmt" count="44"/>
        <line num="180" type="stmt" count="1"/>
        <line num="184" type="method" name="parseString" visibility="private" complexity="3" crap="3" count="106"/>
        <line num="186" type="stmt" count="106"/>
        <line num="189" type="stmt" count="106"/>
        <line num="190" type="stmt" count="1"/>
        <line num="191" type="stmt" count="1"/>
        <line num="194" type="stmt" count="105"/>
        <line num="195" type="stmt" count="1"/>
        <line num="198" type="stmt" count="104"/>
        <line num="199" type="stmt" count="104"/>
        <line num="201" type="stmt" count="104"/>
        <line num="204" type="method" name="parseNumber" visibility="private" complexity="1" crap="1" count="39"/>
        <line num="206" type="stmt" count="39"/>
        <line num="207" type="stmt" count="39"/>
        <line num="208" type="stmt" count="39"/>
        <line num="210" type="stmt" count="39"/>
        <line num="213" type="method" name="parseTrue" visibility="private" complexity="1" crap="1" count="2"/>
        <line num="215" type="stmt" count="2"/>
        <line num="216" type="stmt" count="2"/>
        <line num="217" type="stmt" count="2"/>
        <line num="219" type="stmt" count="2"/>
        <line num="222" type="method" name="parseFalse" visibility="private" complexity="1" crap="1" count="4"/>
        <line num="224" type="stmt" count="4"/>
        <line num="225" type="stmt" count="4"/>
        <line num="226" type="stmt" count="4"/>
        <line num="228" type="stmt" count="4"/>
        <line num="231" type="method" name="parseNull" visibility="private" complexity="1" crap="1" count="3"/>
        <line num="233" type="stmt" count="3"/>
        <line num="234" type="stmt" count="3"/>
        <line num="235" type="stmt" count="3"/>
        <line num="237" type="stmt" count="3"/>
        <line num="240" type="method" name="arrayItem" visibility="private" complexity="1" crap="1" count="46"/>
        <line num="247" type="stmt" count="46"/>
        <line num="248" type="stmt" count="46"/>
        <line num="250" type="stmt" count="46"/>
        <line num="253" type="method" name="readWhitespace" visibility="private" complexity="2" crap="2" count="127"/>
        <line num="255" type="stmt" count="127"/>
        <line num="257" type="stmt" count="127"/>
        <line num="258" type="stmt" count="55"/>
        <line num="259" type="stmt" count="55"/>
        <line num="262" type="stmt" count="127"/>
        <line num="268" type="method" name="consume" visibility="private" complexity="2" crap="2" count="128"/>
        <line num="270" type="stmt" count="128"/>
        <line num="272" type="stmt" count="128"/>
        <line num="273" type="stmt" count="1"/>
        <line num="276" type="stmt" count="127"/>
        <line num="278" type="stmt" count="127"/>
        <line num="284" type="method" name="currentToken" visibility="private" complexity="1" crap="1" count="130"/>
        <line num="286" type="stmt" count="130"/>
        <line num="289" type="method" name="unexpectedToken" visibility="private" complexity="1" crap="1" count="6"/>
        <line num="291" type="stmt" count="6"/>
        <line num="293" type="stmt" count="6"/>
        <line num="294" type="stmt" count="6"/>
        <line num="295" type="stmt" count="6"/>
        <line num="296" type="stmt" count="6"/>
        <line num="297" type="stmt" count="6"/>
        <line num="298" type="stmt" count="6"/>
        <line num="301" type="method" name="setSourceMetadata" visibility="private" complexity="1" crap="1" count="125"/>
        <line num="303" type="stmt" count="125"/>
        <line num="304" type="stmt" count="125"/>
        <line num="305" type="stmt" count="125"/>
        <line num="306" type="stmt" count="125"/>
        <line num="307" type="stmt" count="125"/>
        <line num="308" type="stmt" count="125"/>
        <line num="311" type="method" name="detectNewline" visibility="private" complexity="3" crap="3" count="121"/>
        <line num="313" type="stmt" count="121"/>
        <line num="314" type="stmt" count="1"/>
        <line num="317" type="stmt" count="120"/>
        <line num="318" type="stmt" count="1"/>
        <line num="321" type="stmt" count="119"/>
        <line num="324" type="method" name="hasTrailingNewline" visibility="private" complexity="2" crap="2" count="121"/>
        <line num="326" type="stmt" count="121"/>
        <metrics loc="329" ncloc="322" classes="1" methods="17" coveredmethods="17" conditionals="0" coveredconditionals="0" statements="148" coveredstatements="148" elements="165" coveredelements="165"/>
      </file>
      <file name="/Users/samsonasik/www/boundwize/jsonrecast/src/Parser/Lexer.php">
        <class name="Boundwize\JsonRecast\Parser\Lexer" namespace="Boundwize\JsonRecast\Parser">
          <metrics complexity="64" methods="10" coveredmethods="10" conditionals="0" coveredconditionals="0" statements="144" coveredstatements="144" elements="154" coveredelements="154"/>
        </class>
        <line num="31" type="method" name="tokenize" visibility="public" complexity="11" crap="11" count="139"/>
        <line num="33" type="stmt" count="139"/>
        <line num="34" type="stmt" count="139"/>
        <line num="35" type="stmt" count="139"/>
        <line num="36" type="stmt" count="139"/>
        <line num="37" type="stmt" count="139"/>
        <line num="38" type="stmt" count="139"/>
        <line num="39" type="stmt" count="139"/>
        <line num="41" type="stmt" count="139"/>
        <line num="42" type="stmt" count="138"/>
        <line num="43" type="stmt" count="138"/>
        <line num="44" type="stmt" count="138"/>
        <line num="45" type="stmt" count="138"/>
        <line num="47" type="stmt" count="138"/>
        <line num="48" type="stmt" count="78"/>
        <line num="49" type="stmt" count="77"/>
        <line num="50" type="stmt" count="48"/>
        <line num="51" type="stmt" count="48"/>
        <line num="52" type="stmt" count="75"/>
        <line num="53" type="stmt" count="54"/>
        <line num="54" type="stmt" count="111"/>
        <line num="55" type="stmt" count="56"/>
        <line num="56" type="stmt" count="51"/>
        <line num="57" type="stmt" count="138"/>
        <line num="60" type="stmt" count="127"/>
        <line num="61" type="stmt" count="127"/>
        <line num="62" type="stmt" count="127"/>
        <line num="63" type="stmt" count="127"/>
        <line num="64" type="stmt" count="127"/>
        <line num="65" type="stmt" count="127"/>
        <line num="66" type="stmt" count="127"/>
        <line num="67" type="stmt" count="127"/>
        <line num="69" type="stmt" count="127"/>
        <line num="72" type="method" name="keywordOrNumberToken" visibility="private" complexity="6" crap="6" count="51"/>
        <line num="74" type="stmt" count="51"/>
        <line num="76" type="stmt" count="51"/>
        <line num="77" type="stmt" count="44"/>
        <line num="81" type="stmt" count="8"/>
        <line num="82" type="stmt" count="8"/>
        <line num="83" type="stmt" count="8"/>
        <line num="84" type="stmt" count="8"/>
        <line num="85" type="stmt" count="8"/>
        <line num="87" type="stmt" count="8"/>
        <line num="88" type="stmt" count="7"/>
        <line num="91" type="stmt" count="7"/>
        <line num="92" type="stmt" count="7"/>
        <line num="95" type="stmt" count="7"/>
        <line num="98" type="stmt" count="1"/>
        <line num="104" type="method" name="singleCharacterToken" visibility="private" complexity="1" crap="1" count="115"/>
        <line num="106" type="stmt" count="115"/>
        <line num="107" type="stmt" count="115"/>
        <line num="109" type="stmt" count="115"/>
        <line num="112" type="method" name="whitespaceToken" visibility="private" complexity="3" crap="3" count="56"/>
        <line num="114" type="stmt" count="56"/>
        <line num="115" type="stmt" count="56"/>
        <line num="118" type="stmt" count="56"/>
        <line num="119" type="stmt" count="56"/>
        <line num="120" type="stmt" count="56"/>
        <line num="121" type="stmt" count="56"/>
        <line num="122" type="stmt" count="56"/>
        <line num="123" type="stmt" count="56"/>
        <line num="124" type="stmt" count="56"/>
        <line num="125" type="stmt" count="56"/>
        <line num="128" type="method" name="stringToken" visibility="private" complexity="11" crap="11" count="111"/>
        <line num="130" type="stmt" count="111"/>
        <line num="132" type="stmt" count="111"/>
        <line num="133" type="stmt" count="111"/>
        <line num="135" type="stmt" count="111"/>
        <line num="136" type="stmt" count="105"/>
        <line num="138" type="stmt" count="105"/>
        <line num="139" type="stmt" count="105"/>
        <line num="140" type="stmt" count="105"/>
        <line num="141" type="stmt" count="105"/>
        <line num="142" type="stmt" count="105"/>
        <line num="143" type="stmt" count="105"/>
        <line num="144" type="stmt" count="105"/>
        <line num="145" type="stmt" count="105"/>
        <line num="148" type="stmt" count="111"/>
        <line num="149" type="stmt" count="1"/>
        <line num="152" type="stmt" count="110"/>
        <line num="153" type="stmt" count="104"/>
        <line num="154" type="stmt" count="104"/>
        <line num="157" type="stmt" count="10"/>
        <line num="159" type="stmt" count="10"/>
        <line num="160" type="stmt" count="1"/>
        <line num="163" type="stmt" count="9"/>
        <line num="165" type="stmt" count="9"/>
        <line num="166" type="stmt" count="4"/>
        <line num="167" type="stmt" count="4"/>
        <line num="170" type="stmt" count="5"/>
        <line num="171" type="stmt" count="1"/>
        <line num="174" type="stmt" count="4"/>
        <line num="176" type="stmt" count="4"/>
        <line num="177" type="stmt" count="4"/>
        <line num="178" type="stmt" count="2"/>
        <line num="181" type="stmt" count="4"/>
        <line num="185" type="stmt" count="1"/>
        <line num="188" type="method" name="numberToken" visibility="private" complexity="25" crap="25" count="45"/>
        <line num="190" type="stmt" count="45"/>
        <line num="191" type="stmt" count="2"/>
        <line num="193" type="stmt" count="2"/>
        <line num="194" type="stmt" count="1"/>
        <line num="198" type="stmt" count="44"/>
        <line num="199" type="stmt" count="6"/>
        <line num="201" type="stmt" count="6"/>
        <line num="202" type="stmt" count="1"/>
        <line num="205" type="stmt" count="41"/>
        <line num="206" type="stmt" count="1"/>
        <line num="209" type="stmt" count="40"/>
        <line num="210" type="stmt" count="40"/>
        <line num="214" type="stmt" count="42"/>
        <line num="215" type="stmt" count="4"/>
        <line num="217" type="stmt" count="4"/>
        <line num="218" type="stmt" count="1"/>
        <line num="221" type="stmt" count="3"/>
        <line num="222" type="stmt" count="3"/>
        <line num="226" type="stmt" count="41"/>
        <line num="227" type="stmt" count="4"/>
        <line num="229" type="stmt" count="4"/>
        <line num="230" type="stmt" count="3"/>
        <line num="233" type="stmt" count="4"/>
        <line num="234" type="stmt" count="2"/>
        <line num="237" type="stmt" count="2"/>
        <line num="238" type="stmt" count="2"/>
        <line num="242" type="stmt" count="39"/>
        <line num="243" type="stmt" count="39"/>
        <line num="244" type="stmt" count="39"/>
        <line num="245" type="stmt" count="39"/>
        <line num="246" type="stmt" count="39"/>
        <line num="247" type="stmt" count="39"/>
        <line num="248" type="stmt" count="39"/>
        <line num="249" type="stmt" count="39"/>
        <line num="252" type="method" name="isAtEnd" visibility="private" complexity="1" crap="1" count="139"/>
        <line num="254" type="stmt" count="139"/>
        <line num="257" type="method" name="currentChar" visibility="private" complexity="1" crap="1" count="139"/>
        <line num="259" type="stmt" count="139"/>
        <line num="262" type="method" name="advance" visibility="private" complexity="4" crap="4" count="138"/>
        <line num="264" type="stmt" count="138"/>
        <line num="265" type="stmt" count="138"/>
        <line num="267" type="stmt" count="138"/>
        <line num="268" type="stmt" count="2"/>
        <line num="269" type="stmt" count="2"/>
        <line num="270" type="stmt" count="2"/>
        <line num="272" type="stmt" count="2"/>
        <line num="275" type="stmt" count="138"/>
        <line num="276" type="stmt" count="33"/>
        <line num="277" type="stmt" count="32"/>
        <line num="280" type="stmt" count="33"/>
        <line num="281" type="stmt" count="33"/>
        <line num="283" type="stmt" count="33"/>
        <line num="286" type="stmt" count="138"/>
        <line num="287" type="stmt" count="138"/>
        <line num="290" type="method" name="error" visibility="private" complexity="1" crap="1" count="13"/>
        <line num="292" type="stmt" count="13"/>
        <metrics loc="295" ncloc="289" classes="1" methods="10" coveredmethods="10" conditionals="0" coveredconditionals="0" statements="144" coveredstatements="144" elements="154" coveredelements="154"/>
      </file>
      <file name="/Users/samsonasik/www/boundwize/jsonrecast/src/Parser/ParseError.php">
        <class name="Boundwize\JsonRecast\Parser\ParseError" namespace="Boundwize\JsonRecast\Parser">
          <metrics complexity="1" methods="1" coveredmethods="1" conditionals="0" coveredconditionals="0" statements="1" coveredstatements="1" elements="2" coveredelements="2"/>
        </class>
        <line num="11" type="method" name="__construct" visibility="public" complexity="1" crap="1" count="21"/>
        <line num="17" type="stmt" count="21"/>
        <metrics loc="20" ncloc="20" classes="1" methods="1" coveredmethods="1" conditionals="0" coveredconditionals="0" statements="1" coveredstatements="1" elements="2" coveredelements="2"/>
      </file>
      <file name="/Users/samsonasik/www/boundwize/jsonrecast/src/Parser/Token.php">
        <class name="Boundwize\JsonRecast\Parser\Token" namespace="Boundwize\JsonRecast\Parser">
          <metrics complexity="1" methods="1" coveredmethods="1" conditionals="0" coveredconditionals="0" statements="1" coveredstatements="1" elements="2" coveredelements="2"/>
        </class>
        <line num="12" type="method" name="__construct" visibility="public" complexity="1" crap="1" count="131"/>
        <line num="20" type="stmt" count="131"/>
        <metrics loc="22" ncloc="19" classes="1" methods="1" coveredmethods="1" conditionals="0" coveredconditionals="0" statements="1" coveredstatements="1" elements="2" coveredelements="2"/>
      </file>
      <file name="/Users/samsonasik/www/boundwize/jsonrecast/src/Parser/TokenType.php">
        <class name="Boundwize\JsonRecast\Parser\TokenType" namespace="Boundwize\JsonRecast\Parser">
          <metrics complexity="1" methods="1" coveredmethods="1" conditionals="0" coveredconditionals="0" statements="1" coveredstatements="1" elements="2" coveredelements="2"/>
        </class>
        <line num="35" type="method" name="__construct" visibility="private" complexity="1" crap="1" count="1"/>
        <line num="37" type="stmt" count="1"/>
        <metrics loc="39" ncloc="39" classes="1" methods="1" coveredmethods="1" conditionals="0" coveredconditionals="0" statements="1" coveredstatements="1" elements="2" coveredelements="2"/>
      </file>
    </package>
    <package name="Boundwize\JsonRecast\Printer">
      <file name="/Users/samsonasik/www/boundwize/jsonrecast/src/Printer/JsonPreservingPrinter.php">
        <class name="Boundwize\JsonRecast\Printer\JsonPreservingPrinter" namespace="Boundwize\JsonRecast\Printer">
          <metrics complexity="188" methods="32" coveredmethods="29" conditionals="0" coveredconditionals="0" statements="365" coveredstatements="347" elements="397" coveredelements="376"/>
        </class>
        <line num="35" type="method" name="__construct" visibility="public" complexity="1" crap="1" count="89"/>
        <line num="39" type="stmt" count="89"/>
        <line num="41" type="method" name="print" visibility="public" complexity="3" crap="3" count="89"/>
        <line num="43" type="stmt" count="89"/>
        <line num="44" type="stmt" count="75"/>
        <line num="45" type="stmt" count="14"/>
        <line num="47" type="stmt" count="89"/>
        <line num="50" type="method" name="printNode" visibility="private" complexity="17" crap="17" count="89"/>
        <line num="55" type="stmt" count="89"/>
        <line num="57" type="stmt" count="89"/>
        <line num="58" type="stmt" count="66"/>
        <line num="61" type="stmt" count="66"/>
        <line num="62" type="stmt" count="66"/>
        <line num="64" type="stmt" count="66"/>
        <line num="69" type="stmt" count="82"/>
        <line num="70" type="stmt" count="81"/>
        <line num="71" type="stmt" count="63"/>
        <line num="72" type="stmt" count="63"/>
        <line num="73" type="stmt" count="63"/>
        <line num="74" type="stmt" count="63"/>
        <line num="75" type="stmt" count="63"/>
        <line num="76" type="stmt" count="63"/>
        <line num="77" type="stmt" count="49"/>
        <line num="78" type="stmt" count="49"/>
        <line num="79" type="stmt" count="49"/>
        <line num="80" type="stmt" count="49"/>
        <line num="81" type="stmt" count="49"/>
        <line num="82" type="stmt" count="49"/>
        <line num="83" type="stmt" count="16"/>
        <line num="84" type="stmt" count="3"/>
        <line num="85" type="stmt" count="1"/>
        <line num="86" type="stmt" count="81"/>
        <line num="90" type="method" name="printDocument" visibility="private" complexity="3" crap="3" count="71"/>
        <line num="95" type="stmt" count="71"/>
        <line num="96" type="stmt" count="71"/>
        <line num="97" type="stmt" count="71"/>
        <line num="100" type="stmt" count="71"/>
        <line num="101" type="stmt" count="71"/>
        <line num="103" type="stmt" count="2"/>
        <line num="106" type="stmt" count="71"/>
        <line num="109" type="method" name="printObject" visibility="private" complexity="11" crap="11" count="49"/>
        <line num="114" type="stmt" count="49"/>
        <line num="115" type="stmt" count="4"/>
        <line num="118" type="stmt" count="46"/>
        <line num="119" type="stmt" count="46"/>
        <line num="120" type="stmt" count="46"/>
        <line num="121" type="stmt" count="46"/>
        <line num="122" type="stmt" count="46"/>
        <line num="124" type="stmt" count="46"/>
        <line num="125" type="stmt" count="46"/>
        <line num="126" type="stmt" count="46"/>
        <line num="127" type="stmt" count="46"/>
        <line num="129" type="stmt" count="46"/>
        <line num="130" type="stmt" count="7"/>
        <line num="131" type="stmt" count="7"/>
        <line num="134" type="stmt" count="7"/>
        <line num="135" type="stmt" count="7"/>
        <line num="136" type="stmt" count="7"/>
        <line num="140" type="stmt" count="46"/>
        <line num="141" type="stmt" count="20"/>
        <line num="142" type="stmt" count="20"/>
        <line num="143" type="stmt" count="20"/>
        <line num="144" type="stmt" count="20"/>
        <line num="145" type="stmt" count="20"/>
        <line num="146" type="stmt" count="20"/>
        <line num="147" type="stmt" count="20"/>
        <line num="150" type="stmt" count="46"/>
        <line num="151" type="stmt" count="46"/>
        <line num="152" type="stmt" count="46"/>
        <line num="153" type="stmt" count="46"/>
        <line num="154" type="stmt" count="46"/>
        <line num="155" type="stmt" count="46"/>
        <line num="156" type="stmt" count="46"/>
        <line num="158" type="stmt" count="46"/>
        <line num="159" type="stmt" count="20"/>
        <line num="163" type="stmt" count="46"/>
        <line num="166" type="method" name="printObjectBestEffort" visibility="private" complexity="5" crap="5" count="4"/>
        <line num="171" type="stmt" count="4"/>
        <line num="172" type="stmt" count="2"/>
        <line num="175" type="stmt" count="2"/>
        <line num="176" type="stmt" count="2"/>
        <line num="178" type="stmt" count="2"/>
        <line num="179" type="stmt" count="2"/>
        <line num="180" type="stmt" count="2"/>
        <line num="181" type="stmt" count="2"/>
        <line num="183" type="stmt" count="2"/>
        <line num="184" type="stmt" count="1"/>
        <line num="188" type="stmt" count="2"/>
        <line num="191" type="method" name="printEmptyObject" visibility="private" complexity="2" crap="2" count="2"/>
        <line num="193" type="stmt" count="2"/>
        <line num="194" type="stmt" count="1"/>
        <line num="197" type="stmt" count="1"/>
        <line num="200" type="method" name="printObjectItemPreserving" visibility="private" complexity="7" crap="7" count="46"/>
        <line num="207" type="stmt" count="46"/>
        <line num="208" type="stmt" count="46"/>
        <line num="209" type="stmt" count="46"/>
        <line num="212" type="stmt" count="46"/>
        <line num="213" type="stmt" count="46"/>
        <line num="214" type="stmt" count="46"/>
        <line num="215" type="stmt" count="46"/>
        <line num="217" type="stmt" count="10"/>
        <line num="219" type="stmt" count="10"/>
        <line num="220" type="stmt" count="10"/>
        <line num="224" type="stmt" count="44"/>
        <line num="225" type="stmt" count="44"/>
        <line num="226" type="stmt" count="44"/>
        <line num="227" type="stmt" count="44"/>
        <line num="228" type="stmt" count="44"/>
        <line num="229" type="stmt" count="44"/>
        <line num="230" type="stmt" count="44"/>
        <line num="233" type="method" name="printObjectItemBestEffort" visibility="private" complexity="1" crap="1" count="2"/>
        <line num="238" type="stmt" count="2"/>
        <line num="239" type="stmt" count="2"/>
        <line num="240" type="stmt" count="2"/>
        <line num="243" type="method" name="printArray" visibility="private" complexity="11" crap="11" count="31"/>
        <line num="248" type="stmt" count="31"/>
        <line num="249" type="stmt" count="4"/>
        <line num="252" type="stmt" count="27"/>
        <line num="253" type="stmt" count="27"/>
        <line num="254" type="stmt" count="27"/>
        <line num="255" type="stmt" count="27"/>
        <line num="256" type="stmt" count="27"/>
        <line num="258" type="stmt" count="27"/>
        <line num="259" type="stmt" count="27"/>
        <line num="260" type="stmt" count="27"/>
        <line num="261" type="stmt" count="27"/>
        <line num="263" type="stmt" count="27"/>
        <line num="264" type="stmt" count="6"/>
        <line num="265" type="stmt" count="6"/>
        <line num="268" type="stmt" count="6"/>
        <line num="269" type="stmt" count="6"/>
        <line num="270" type="stmt" count="6"/>
        <line num="274" type="stmt" count="27"/>
        <line num="275" type="stmt" count="19"/>
        <line num="276" type="stmt" count="19"/>
        <line num="277" type="stmt" count="19"/>
        <line num="278" type="stmt" count="19"/>
        <line num="279" type="stmt" count="19"/>
        <line num="280" type="stmt" count="19"/>
        <line num="281" type="stmt" count="19"/>
        <line num="284" type="stmt" count="27"/>
        <line num="285" type="stmt" count="27"/>
        <line num="286" type="stmt" count="27"/>
        <line num="287" type="stmt" count="27"/>
        <line num="288" type="stmt" count="27"/>
        <line num="289" type="stmt" count="27"/>
        <line num="290" type="stmt" count="27"/>
        <line num="292" type="stmt" count="27"/>
        <line num="293" type="stmt" count="19"/>
        <line num="297" type="stmt" count="27"/>
        <line num="300" type="method" name="printArrayBestEffort" visibility="private" complexity="5" crap="5" count="4"/>
        <line num="305" type="stmt" count="4"/>
        <line num="306" type="stmt" count="2"/>
        <line num="309" type="stmt" count="2"/>
        <line num="310" type="stmt" count="2"/>
        <line num="312" type="stmt" count="2"/>
        <line num="313" type="stmt" count="2"/>
        <line num="314" type="stmt" count="2"/>
        <line num="315" type="stmt" count="2"/>
        <line num="317" type="stmt" count="2"/>
        <line num="318" type="stmt" count="1"/>
        <line num="322" type="stmt" count="2"/>
        <line num="325" type="method" name="printEmptyArray" visibility="private" complexity="2" crap="2" count="2"/>
        <line num="327" type="stmt" count="2"/>
        <line num="328" type="stmt" count="1"/>
        <line num="331" type="stmt" count="1"/>
        <line num="334" type="method" name="printArrayItemPreserving" visibility="private" complexity="7" crap="7" count="27"/>
        <line num="341" type="stmt" count="27"/>
        <line num="342" type="stmt" count="27"/>
        <line num="343" type="stmt" count="27"/>
        <line num="346" type="stmt" count="27"/>
        <line num="347" type="stmt" count="27"/>
        <line num="348" type="stmt" count="27"/>
        <line num="349" type="stmt" count="27"/>
        <line num="351" type="stmt" count="10"/>
        <line num="353" type="stmt" count="10"/>
        <line num="354" type="stmt" count="10"/>
        <line num="358" type="stmt" count="25"/>
        <line num="359" type="stmt" count="25"/>
        <line num="360" type="stmt" count="25"/>
        <line num="366" type="method" name="normalizeSyntheticObjectAfterValue" visibility="private" complexity="5" crap="5.07" count="20"/>
        <line num="374" type="stmt" count="20"/>
        <line num="375" type="stmt" count="20"/>
        <line num="377" type="stmt" count="19"/>
        <line num="380" type="stmt" count="2"/>
        <line num="381" type="stmt" count="2"/>
        <line num="382" type="stmt" count="0"/>
        <line num="386" type="stmt" count="2"/>
        <line num="392" type="method" name="normalizeSyntheticArrayAfterValue" visibility="private" complexity="5" crap="5.07" count="19"/>
        <line num="400" type="stmt" count="19"/>
        <line num="401" type="stmt" count="19"/>
        <line num="403" type="stmt" count="18"/>
        <line num="406" type="stmt" count="3"/>
        <line num="407" type="stmt" count="3"/>
        <line num="408" type="stmt" count="0"/>
        <line num="412" type="stmt" count="3"/>
        <line num="415" type="method" name="isSyntheticItem" visibility="private" complexity="2" crap="2" count="39"/>
        <line num="417" type="stmt" count="39"/>
        <line num="418" type="stmt" count="39"/>
        <line num="424" type="method" name="shouldPrintContainerBestEffort" visibility="private" complexity="9" crap="9" count="75"/>
        <line num="426" type="stmt" count="75"/>
        <line num="428" type="stmt" count="27"/>
        <line num="429" type="stmt" count="27"/>
        <line num="430" type="stmt" count="27"/>
        <line num="431" type="stmt" count="27"/>
        <line num="433" type="stmt" count="25"/>
        <line num="436" type="stmt" count="2"/>
        <line num="439" type="stmt" count="55"/>
        <line num="440" type="stmt" count="55"/>
        <line num="446" type="method" name="hasItemWithoutOriginalText" visibility="private" complexity="3" crap="3" count="75"/>
        <line num="448" type="stmt" count="75"/>
        <line num="449" type="stmt" count="74"/>
        <line num="450" type="stmt" count="4"/>
        <line num="454" type="stmt" count="71"/>
        <line num="462" type="method" name="getItemsInOriginalOrder" visibility="private" complexity="6" crap="6" count="70"/>
        <line num="465" type="stmt" count="70"/>
        <line num="467" type="stmt" count="70"/>
        <line num="468" type="stmt" count="70"/>
        <line num="470" type="stmt" count="70"/>
        <line num="471" type="stmt" count="3"/>
        <line num="474" type="stmt" count="70"/>
        <line num="475" type="stmt" count="70"/>
        <line num="476" type="stmt" count="70"/>
        <line num="477" type="stmt" count="70"/>
        <line num="478" type="stmt" count="70"/>
        <line num="481" type="stmt" count="70"/>
        <line num="482" type="stmt" count="70"/>
        <line num="487" type="stmt" count="70"/>
        <line num="488" type="stmt" count="70"/>
        <line num="489" type="stmt" count="70"/>
        <line num="492" type="stmt" count="70"/>
        <line num="494" type="stmt" count="70"/>
        <line num="495" type="stmt" count="70"/>
        <line num="498" type="stmt" count="70"/>
        <line num="504" type="method" name="getSyntheticStartOffset" visibility="private" complexity="16" crap="45.18" count="3"/>
        <line num="506" type="stmt" count="3"/>
        <line num="507" type="stmt" count="3"/>
        <line num="509" type="stmt" count="3"/>
        <line num="510" type="stmt" count="3"/>
        <line num="512" type="stmt" count="3"/>
        <line num="513" type="stmt" count="3"/>
        <line num="516" type="stmt" count="0"/>
        <line num="517" type="stmt" count="0"/>
        <line num="519" type="stmt" count="0"/>
        <line num="522" type="stmt" count="3"/>
        <line num="523" type="stmt" count="3"/>
        <line num="524" type="stmt" count="3"/>
        <line num="526" type="stmt" count="3"/>
        <line num="527" type="stmt" count="3"/>
        <line num="529" type="stmt" count="3"/>
        <line num="530" type="stmt" count="3"/>
        <line num="533" type="stmt" count="0"/>
        <line num="534" type="stmt" count="0"/>
        <line num="536" type="stmt" count="0"/>
        <line num="539" type="stmt" count="3"/>
        <line num="540" type="stmt" count="0"/>
        <line num="541" type="stmt" count="0"/>
        <line num="542" type="stmt" count="0"/>
        <line num="544" type="stmt" count="0"/>
        <line num="547" type="stmt" count="3"/>
        <line num="548" type="stmt" count="0"/>
        <line num="549" type="stmt" count="0"/>
        <line num="551" type="stmt" count="0"/>
        <line num="554" type="stmt" count="3"/>
        <line num="555" type="stmt" count="0"/>
        <line num="556" type="stmt" count="0"/>
        <line num="558" type="stmt" count="0"/>
        <line num="561" type="stmt" count="3"/>
        <line num="564" type="method" name="isChanged" visibility="private" complexity="7" crap="7" count="89"/>
        <line num="566" type="stmt" count="89"/>
        <line num="567" type="stmt" count="41"/>
        <line num="570" type="stmt" count="89"/>
        <line num="571" type="stmt" count="29"/>
        <line num="574" type="stmt" count="83"/>
        <line num="576" type="stmt" count="83"/>
        <line num="577" type="stmt" count="83"/>
        <line num="578" type="stmt" count="83"/>
        <line num="579" type="stmt" count="83"/>
        <line num="582" type="method" name="hasStaleOriginalText" visibility="private" complexity="9" crap="9" count="83"/>
        <line num="584" type="stmt" count="83"/>
        <line num="586" type="stmt" count="83"/>
        <line num="587" type="stmt" count="21"/>
        <line num="590" type="stmt" count="82"/>
        <line num="591" type="stmt" count="82"/>
        <line num="592" type="stmt" count="82"/>
        <line num="593" type="stmt" count="82"/>
        <line num="594" type="stmt" count="80"/>
        <line num="595" type="stmt" count="76"/>
        <line num="596" type="stmt" count="76"/>
        <line num="597" type="stmt" count="76"/>
        <line num="598" type="stmt" count="76"/>
        <line num="599" type="stmt" count="76"/>
        <line num="600" type="stmt" count="76"/>
        <line num="601" type="stmt" count="76"/>
        <line num="602" type="stmt" count="76"/>
        <line num="603" type="stmt" count="72"/>
        <line num="604" type="stmt" count="72"/>
        <line num="605" type="stmt" count="72"/>
        <line num="606" type="stmt" count="71"/>
        <line num="607" type="stmt" count="82"/>
        <line num="609" type="stmt" count="82"/>
        <line num="612" type="method" name="getOriginalText" visibility="private" complexity="2" crap="2" count="80"/>
        <line num="614" type="stmt" count="80"/>
        <line num="616" type="stmt" count="80"/>
        <line num="619" type="method" name="reconstructOriginalObjectText" visibility="private" complexity="6" crap="6" count="29"/>
        <line num="621" type="stmt" count="29"/>
        <line num="622" type="stmt" count="1"/>
        <line num="625" type="stmt" count="28"/>
        <line num="626" type="stmt" count="28"/>
        <line num="628" type="stmt" count="28"/>
        <line num="629" type="stmt" count="28"/>
        <line num="630" type="stmt" count="28"/>
        <line num="632" type="stmt" count="28"/>
        <line num="633" type="stmt" count="28"/>
        <line num="634" type="stmt" count="28"/>
        <line num="635" type="stmt" count="28"/>
        <line num="636" type="stmt" count="28"/>
        <line num="637" type="stmt" count="28"/>
        <line num="638" type="stmt" count="28"/>
        <line num="640" type="stmt" count="28"/>
        <line num="641" type="stmt" count="13"/>
        <line num="645" type="stmt" count="28"/>
        <line num="648" type="method" name="reconstructOriginalArrayText" visibility="private" complexity="6" crap="6" count="18"/>
        <line num="650" type="stmt" count="18"/>
        <line num="651" type="stmt" count="1"/>
        <line num="654" type="stmt" count="17"/>
        <line num="655" type="stmt" count="17"/>
        <line num="657" type="stmt" count="17"/>
        <line num="658" type="stmt" count="17"/>
        <line num="659" type="stmt" count="17"/>
        <line num="661" type="stmt" count="17"/>
        <line num="662" type="stmt" count="17"/>
        <line num="663" type="stmt" count="17"/>
        <line num="665" type="stmt" count="17"/>
        <line num="666" type="stmt" count="13"/>
        <line num="670" type="stmt" count="17"/>
        <line num="673" type="method" name="isExplicitlyChanged" visibility="private" complexity="3" crap="3" count="89"/>
        <line num="675" type="stmt" count="89"/>
        <line num="676" type="stmt" count="41"/>
        <line num="679" type="stmt" count="88"/>
        <line num="682" type="method" name="hasScalarValueChanged" visibility="private" complexity="13" crap="13" count="83"/>
        <line num="684" type="stmt" count="83"/>
        <line num="685" type="stmt" count="68"/>
        <line num="688" type="stmt" count="82"/>
        <line num="689" type="stmt" count="31"/>
        <line num="692" type="stmt" count="82"/>
        <line num="693" type="stmt" count="2"/>
        <line num="696" type="stmt" count="82"/>
        <line num="697" type="stmt" count="40"/>
        <line num="698" type="stmt" count="39"/>
        <line num="699" type="stmt" count="9"/>
        <line num="703" type="stmt" count="31"/>
        <line num="706" type="stmt" count="81"/>
        <line num="707" type="stmt" count="48"/>
        <line num="708" type="stmt" count="48"/>
        <line num="711" type="stmt" count="78"/>
        <line num="712" type="stmt" count="25"/>
        <line num="713" type="stmt" count="23"/>
        <line num="714" type="stmt" count="3"/>
        <line num="718" type="stmt" count="22"/>
        <line num="721" type="stmt" count="77"/>
        <line num="722" type="stmt" count="28"/>
        <line num="725" type="stmt" count="72"/>
        <line num="728" type="method" name="hasStringValueChanged" visibility="private" complexity="3" crap="3" count="68"/>
        <line num="730" type="stmt" count="68"/>
        <line num="731" type="stmt" count="68"/>
        <line num="733" type="stmt" count="68"/>
        <line num="736" type="method" name="hasNumberValueChanged" visibility="private" complexity="2" crap="2" count="31"/>
        <line num="738" type="stmt" count="31"/>
        <line num="740" type="stmt" count="31"/>
        <line num="743" type="method" name="hasBooleanValueChanged" visibility="private" complexity="3" crap="3" count="2"/>
        <line num="745" type="stmt" count="2"/>
        <line num="747" type="stmt" count="2"/>
        <line num="748" type="stmt" count="2"/>
        <line num="751" type="method" name="hasChangedDescendant" visibility="private" complexity="11" crap="11" count="79"/>
        <line num="753" type="stmt" count="79"/>
        <line num="754" type="stmt" count="57"/>
        <line num="757" type="stmt" count="77"/>
        <line num="758" type="stmt" count="14"/>
        <line num="759" type="stmt" count="13"/>
        <line num="760" type="stmt" count="8"/>
        <line num="764" type="stmt" count="6"/>
        <line num="767" type="stmt" count="76"/>
        <line num="768" type="stmt" count="32"/>
        <line num="771" type="stmt" count="75"/>
        <line num="772" type="stmt" count="8"/>
        <line num="773" type="stmt" count="7"/>
        <line num="774" type="stmt" count="4"/>
        <line num="778" type="stmt" count="4"/>
        <line num="781" type="stmt" count="73"/>
        <line num="782" type="stmt" count="22"/>
        <line num="785" type="stmt" count="72"/>
        <line num="788" type="method" name="encodeString" visibility="private" complexity="2" crap="2" count="37"/>
        <line num="790" type="stmt" count="37"/>
        <line num="792" type="stmt" count="37"/>
        <line num="793" type="stmt" count="1"/>
        <line num="796" type="stmt" count="36"/>
        <metrics loc="799" ncloc="773" classes="1" methods="32" coveredmethods="29" conditionals="0" coveredconditionals="0" statements="365" coveredstatements="347" elements="397" coveredelements="376"/>
      </file>
      <file name="/Users/samsonasik/www/boundwize/jsonrecast/src/Printer/JsonPrettyPrinter.php">
        <class name="Boundwize\JsonRecast\Printer\JsonPrettyPrinter" namespace="Boundwize\JsonRecast\Printer">
          <metrics complexity="25" methods="7" coveredmethods="7" conditionals="0" coveredconditionals="0" statements="39" coveredstatements="39" elements="46" coveredelements="46"/>
        </class>
        <line num="28" type="method" name="__construct" visibility="public" complexity="1" crap="1" count="18"/>
        <line num="31" type="stmt" count="18"/>
        <line num="33" type="method" name="print" visibility="public" complexity="1" crap="1" count="18"/>
        <line num="35" type="stmt" count="18"/>
        <line num="38" type="method" name="printNode" visibility="private" complexity="12" crap="12" count="18"/>
        <line num="41" type="stmt" count="18"/>
        <line num="42" type="stmt" count="18"/>
        <line num="43" type="stmt" count="18"/>
        <line num="44" type="stmt" count="18"/>
        <line num="45" type="stmt" count="17"/>
        <line num="46" type="stmt" count="17"/>
        <line num="47" type="stmt" count="1"/>
        <line num="48" type="stmt" count="1"/>
        <line num="49" type="stmt" count="1"/>
        <line num="50" type="stmt" count="17"/>
        <line num="54" type="method" name="printObject" visibility="private" complexity="4" crap="4" count="9"/>
        <line num="56" type="stmt" count="9"/>
        <line num="57" type="stmt" count="1"/>
        <line num="60" type="stmt" count="8"/>
        <line num="62" type="stmt" count="8"/>
        <line num="63" type="stmt" count="8"/>
        <line num="64" type="stmt" count="8"/>
        <line num="65" type="stmt" count="8"/>
        <line num="67" type="stmt" count="8"/>
        <line num="68" type="stmt" count="1"/>
        <line num="72" type="stmt" count="8"/>
        <line num="75" type="method" name="printObjectItem" visibility="private" complexity="1" crap="1" count="8"/>
        <line num="77" type="stmt" count="8"/>
        <line num="78" type="stmt" count="8"/>
        <line num="79" type="stmt" count="8"/>
        <line num="82" type="method" name="printArray" visibility="private" complexity="4" crap="4" count="8"/>
        <line num="84" type="stmt" count="8"/>
        <line num="85" type="stmt" count="1"/>
        <line num="88" type="stmt" count="7"/>
        <line num="90" type="stmt" count="7"/>
        <line num="91" type="stmt" count="7"/>
        <line num="92" type="stmt" count="7"/>
        <line num="93" type="stmt" count="7"/>
        <line num="95" type="stmt" count="7"/>
        <line num="96" type="stmt" count="3"/>
        <line num="100" type="stmt" count="7"/>
        <line num="103" type="method" name="encodeString" visibility="private" complexity="2" crap="2" count="16"/>
        <line num="105" type="stmt" count="16"/>
        <line num="107" type="stmt" count="16"/>
        <line num="108" type="stmt" count="1"/>
        <line num="111" type="stmt" count="15"/>
        <metrics loc="114" ncloc="114" classes="1" methods="7" coveredmethods="7" conditionals="0" coveredconditionals="0" statements="39" coveredstatements="39" elements="46" coveredelements="46"/>
      </file>
      <file name="/Users/samsonasik/www/boundwize/jsonrecast/src/Printer/PrintContext.php">
        <class name="Boundwize\JsonRecast\Printer\PrintContext" namespace="Boundwize\JsonRecast\Printer">
          <metrics complexity="4" methods="4" coveredmethods="4" conditionals="0" coveredconditionals="0" statements="4" coveredstatements="4" elements="8" coveredelements="8"/>
        </class>
        <line num="11" type="method" name="__construct" visibility="public" complexity="1" crap="1" count="107"/>
        <line num="16" type="stmt" count="107"/>
        <line num="18" type="method" name="next" visibility="public" complexity="1" crap="1" count="88"/>
        <line num="20" type="stmt" count="88"/>
        <line num="23" type="method" name="indentation" visibility="public" complexity="1" crap="1" count="18"/>
        <line num="25" type="stmt" count="18"/>
        <line num="28" type="method" name="childIndentation" visibility="public" complexity="1" crap="1" count="18"/>
        <line num="30" type="stmt" count="18"/>
        <metrics loc="33" ncloc="33" classes="1" methods="4" coveredmethods="4" conditionals="0" coveredconditionals="0" statements="4" coveredstatements="4" elements="8" coveredelements="8"/>
      </file>
    </package>
    <file name="/Users/samsonasik/www/boundwize/jsonrecast/src/Printer/JsonPrinter.php">
      <metrics loc="13" ncloc="13" classes="0" methods="0" coveredmethods="0" conditionals="0" coveredconditionals="0" statements="0" coveredstatements="0" elements="0" coveredelements="0"/>
    </file>
    <package name="Boundwize\JsonRecast\Value">
      <file name="/Users/samsonasik/www/boundwize/jsonrecast/src/Value/JsonValue.php">
        <class name="Boundwize\JsonRecast\Value\JsonValue" namespace="Boundwize\JsonRecast\Value">
          <metrics complexity="15" methods="3" coveredmethods="3" conditionals="0" coveredconditionals="0" statements="24" coveredstatements="24" elements="27" coveredelements="27"/>
        </class>
        <line num="33" type="method" name="from" visibility="public" complexity="10" crap="10" count="24"/>
        <line num="36" type="stmt" count="24"/>
        <line num="37" type="stmt" count="15"/>
        <line num="38" type="stmt" count="12"/>
        <line num="39" type="stmt" count="12"/>
        <line num="40" type="stmt" count="3"/>
        <line num="41" type="stmt" count="3"/>
        <line num="42" type="stmt" count="2"/>
        <line num="43" type="stmt" count="21"/>
        <line num="47" type="method" name="formatFloat" visibility="private" complexity="2" crap="2" count="10"/>
        <line num="49" type="stmt" count="10"/>
        <line num="51" type="stmt" count="10"/>
        <line num="52" type="stmt" count="7"/>
        <line num="55" type="stmt" count="3"/>
        <line num="61" type="method" name="fromArray" visibility="private" complexity="3" crap="3" count="2"/>
        <line num="63" type="stmt" count="2"/>
        <line num="64" type="stmt" count="1"/>
        <line num="65" type="stmt" count="1"/>
        <line num="66" type="stmt" count="1"/>
        <line num="67" type="stmt" count="1"/>
        <line num="70" type="stmt" count="1"/>
        <line num="72" type="stmt" count="1"/>
        <line num="73" type="stmt" count="1"/>
        <line num="74" type="stmt" count="1"/>
        <line num="75" type="stmt" count="1"/>
        <line num="76" type="stmt" count="1"/>
        <line num="79" type="stmt" count="1"/>
        <metrics loc="82" ncloc="79" classes="1" methods="3" coveredmethods="3" conditionals="0" coveredconditionals="0" statements="24" coveredstatements="24" elements="27" coveredelements="27"/>
      </file>
    </package>
    <metrics files="32" loc="3168" ncloc="3062" classes="28" methods="163" coveredmethods="160" conditionals="0" coveredconditionals="0" statements="1140" coveredstatements="1122" elements="1303" coveredelements="1282"/>
  </project>
</coverage>
